#
# There is insufficient memory for the Java Runtime Environment to continue.
# Native memory allocation (malloc) failed to allocate 1048576 bytes for AllocateHeap
# Possible reasons:
#   The system is out of physical RAM or swap space
#   The process is running with CompressedOops enabled, and the Java Heap may be blocking the growth of the native heap
# Possible solutions:
#   Reduce memory load on the system
#   Increase physical memory or swap space
#   Check if swap backing store is full
#   Decrease Java heap size (-Xmx/-Xms)
#   Decrease number of Java threads
#   Decrease Java thread stack sizes (-Xss)
#   Set larger code cache with -XX:ReservedCodeCacheSize=
#   JVM is running with Unscaled Compressed Oops mode in which the Java heap is
#     placed in the first 4GB address space. The Java Heap base address is the
#     maximum limit for the native heap growth. Please use -XX:HeapBaseMinAddress
#     to set the Java Heap base and to place the Java Heap above 4GB virtual address.
# This output file may be truncated or incomplete.
#
#  Out of Memory Error (t:/workspace/open/src/hotspot/share/memory/allocation.cpp:46), pid=20348, tid=14964
#
# JRE version:  (11.0.2+9) (build )
# Java VM: Java HotSpot(TM) 64-Bit Server VM (11.0.2+9-LTS, mixed mode, aot, sharing, tiered, compressed oops, g1 gc, windows-amd64)
# No core dump will be written. Minidumps are not enabled by default on client versions of Windows
#

---------------  S U M M A R Y ------------

Command Line: -Dfile.encoding=Cp1252 ATM.mainATM

Host: Intel(R) Core(TM) i5-4210U CPU @ 1.70GHz, 4 cores, 5G,  Windows 10 , 64 bit Build 17134 (10.0.17134.556)
Time: Mon Mar 11 18:45:50 2019 Egypt Standard Time elapsed time: 0 seconds (0d 0h 0m 0s)

---------------  T H R E A D  ---------------

Current thread (0x0000029cb0cde800):  JavaThread "Unknown thread" [_thread_in_vm, id=14964, stack(0x000000d620400000,0x000000d620500000)]

Stack: [0x000000d620400000,0x000000d620500000]
Native frames: (J=compiled Java code, j=interpreted, Vv=VM code, C=native code)
V  [jvm.dll+0x63574a]
V  [jvm.dll+0x77326f]
V  [jvm.dll+0x77491a]
V  [jvm.dll+0x774fd3]
V  [jvm.dll+0x25e418]
V  [jvm.dll+0xb9ba4]
V  [jvm.dll+0x2ed673]
V  [jvm.dll+0x74c807]
V  [jvm.dll+0x74df5f]
V  [jvm.dll+0x373179]
V  [jvm.dll+0x732eb9]
V  [jvm.dll+0x3e295d]
V  [jvm.dll+0x3e4c61]
C  [javaw.exe+0x3617]
C  [javaw.exe+0x17e2c]
C  [KERNEL32.DLL+0x13dc4]
C  [ntdll.dll+0x73691]


---------------  P R O C E S S  ---------------

Threads class SMR info:
_java_thread_list=0x0000029caea52df0, length=0, elements={
}

Java Threads: ( => current thread )

Other Threads:

[error occurred during error reporting (printing all threads), id 0xc0000005, EXCEPTION_ACCESS_VIOLATION (0xc0000005) at pc=0x00007ff8044d7c5d]

VM state:not at safepoint (not fully initialized)

VM Mutex/Monitor currently owned by a thread: None


[error occurred during error reporting (printing compressed oops mode), id 0xc0000005, EXCEPTION_ACCESS_VIOLATION (0xc0000005) at pc=0x00007ff8044ed5d7]

GC Heap History (0 events):
No events

Deoptimization events (0 events):
No events

Classes redefined (0 events):
No events

Internal exceptions (0 events):
No events

Events (0 events):
No events


Dynamic libraries:
0x00007ff7f3ca0000 - 0x00007ff7f3ce7000 	C:\Program Files\Java\jdk-11.0.2\bin\javaw.exe
0x00007ff857560000 - 0x00007ff857741000 	C:\WINDOWS\SYSTEM32\ntdll.dll
0x00007ff855890000 - 0x00007ff855942000 	C:\WINDOWS\System32\KERNEL32.DLL
0x00007ff854580000 - 0x00007ff8547f3000 	C:\WINDOWS\System32\KERNELBASE.dll
0x00007ff8570f0000 - 0x00007ff857191000 	C:\WINDOWS\System32\ADVAPI32.dll
0x00007ff8549f0000 - 0x00007ff854a8e000 	C:\WINDOWS\System32\msvcrt.dll
0x00007ff8574d0000 - 0x00007ff85752b000 	C:\WINDOWS\System32\sechost.dll
0x00007ff855950000 - 0x00007ff855a74000 	C:\WINDOWS\System32\RPCRT4.dll
0x00007ff855500000 - 0x00007ff855690000 	C:\WINDOWS\System32\USER32.dll
0x00007ff853990000 - 0x00007ff8539b0000 	C:\WINDOWS\System32\win32u.dll
0x00007ff854f80000 - 0x00007ff854fa8000 	C:\WINDOWS\System32\GDI32.dll
0x00007ff8539b0000 - 0x00007ff853b42000 	C:\WINDOWS\System32\gdi32full.dll
0x00007ff854430000 - 0x00007ff8544cf000 	C:\WINDOWS\System32\msvcp_win.dll
0x00007ff853b50000 - 0x00007ff853c4a000 	C:\WINDOWS\System32\ucrtbase.dll
0x00007ff848580000 - 0x00007ff8487e9000 	C:\WINDOWS\WinSxS\amd64_microsoft.windows.common-controls_6595b64144ccf1df_6.0.17134.590_none_fb3d9bff3069e088\COMCTL32.dll
0x00007ff8571a0000 - 0x00007ff8574c2000 	C:\WINDOWS\System32\combase.dll
0x00007ff847850000 - 0x00007ff84785a000 	C:\WINDOWS\SYSTEM32\VERSION.dll
0x00007ff853ca0000 - 0x00007ff853d1a000 	C:\WINDOWS\System32\bcryptPrimitives.dll
0x00007ff855470000 - 0x00007ff85549d000 	C:\WINDOWS\System32\IMM32.DLL
0x00007ff846d40000 - 0x00007ff846d56000 	C:\Program Files\Java\jdk-11.0.2\bin\vcruntime140.dll
0x00007ff82cc60000 - 0x00007ff82cd0a000 	C:\Program Files\Java\jdk-11.0.2\bin\msvcp140.dll
0x00007ff803da0000 - 0x00007ff8048c7000 	C:\Program Files\Java\jdk-11.0.2\bin\server\jvm.dll
0x00007ff855ae0000 - 0x00007ff855ae8000 	C:\WINDOWS\System32\PSAPI.DLL
0x00007ff845470000 - 0x00007ff845493000 	C:\WINDOWS\SYSTEM32\WINMM.dll
0x00007ff84a330000 - 0x00007ff84a339000 	C:\WINDOWS\SYSTEM32\WSOCK32.dll
0x00007ff855040000 - 0x00007ff8550ac000 	C:\WINDOWS\System32\WS2_32.dll
0x00007ff845440000 - 0x00007ff84546a000 	C:\WINDOWS\SYSTEM32\WINMMBASE.dll
0x00007ff853c50000 - 0x00007ff853c99000 	C:\WINDOWS\System32\cfgmgr32.dll
0x00007ff853910000 - 0x00007ff853921000 	C:\WINDOWS\System32\kernel.appcore.dll
0x00007ff850ad0000 - 0x00007ff850ae1000 	C:\Program Files\Java\jdk-11.0.2\bin\verify.dll
0x00007ff84f130000 - 0x00007ff84f2f9000 	C:\WINDOWS\SYSTEM32\DBGHELP.DLL
0x00007ff84f100000 - 0x00007ff84f129000 	C:\WINDOWS\SYSTEM32\dbgcore.DLL
0x00007ff83d120000 - 0x00007ff83d149000 	C:\Program Files\Java\jdk-11.0.2\bin\java.dll
0x00007ff8439e0000 - 0x00007ff8439f6000 	C:\Program Files\Java\jdk-11.0.2\bin\zip.dll
0x00007ff844230000 - 0x00007ff84423a000 	C:\Program Files\Java\jdk-11.0.2\bin\jimage.dll

dbghelp: loaded successfully - version: 4.0.5 - missing functions: none
symbol engine: initialized successfully - sym options: 0x614 - pdb path: .;C:\Program Files\Java\jdk-11.0.2\bin;C:\WINDOWS\SYSTEM32;C:\WINDOWS\WinSxS\amd64_microsoft.windows.common-controls_6595b64144ccf1df_6.0.17134.590_none_fb3d9bff3069e088;C:\Program Files\Java\jdk-11.0.2\bin\server

VM Arguments:
jvm_args: -Dfile.encoding=Cp1252 
java_command: ATM.mainATM
java_class_path (initial): C:\Users\PC\eclipse-workspace\Simple ATM\bin
Launcher Type: SUN_STANDARD

[Global flags]
     intx CICompilerCount                          = 3                                         {product} {ergonomic}
     uint G1ConcRefinementThreads                  = 4                                         {product} {ergonomic}
   size_t G1HeapRegionSize                         = 1048576                                   {product} {ergonomic}
    uintx GCDrainStackTargetSize                   = 64                                        {product} {ergonomic}
   size_t InitialHeapSize                          = 100663296                                 {product} {ergonomic}
   size_t MaxHeapSize                              = 1589641216                                {product} {ergonomic}
   size_t MinHeapDeltaBytes                        = 1048576                                   {product} {ergonomic}
    uintx NonNMethodCodeHeapSize                   = 5830092                                {pd product} {ergonomic}
    uintx NonProfiledCodeHeapSize                  = 122914074                              {pd product} {ergonomic}
    uintx ProfiledCodeHeapSize                     = 122914074                              {pd product} {ergonomic}
    uintx ReservedCodeCacheSize                    = 251658240                              {pd product} {ergonomic}
     bool SegmentedCodeCache                       = true                                      {product} {ergonomic}
     bool UseCompressedClassPointers               = true                                 {lp64_product} {ergonomic}
     bool UseCompressedOops                        = true                                 {lp64_product} {ergonomic}
     bool UseG1GC                                  = true                                      {product} {ergonomic}
     bool UseLargePagesIndividualAllocation        = false                                  {pd product} {ergonomic}

Logging:
Log output configuration:
 #0: stdout all=warning uptime,level,tags
 #1: stderr all=off uptime,level,tags

Environment Variables:
PATH=C:/Program Files/Java/jdk-11.0.2/bin/server;C:/Program Files/Java/jdk-11.0.2/bin;C:\WINDOWS\system32;C:\WINDOWS;C:\WINDOWS\System32\Wbem;C:\WINDOWS\System32\WindowsPowerShell\v1.0\;C:\WINDOWS\System32\OpenSSH\;C:\Program Files\Java\jdk-11.0.2\bin;C:\Users\PC\Desktop;
USERNAME=PC
OS=Windows_NT
PROCESSOR_IDENTIFIER=Intel64 Family 6 Model 69 Stepping 1, GenuineIntel



---------------  S Y S T E M  ---------------

OS: Windows 10 , 64 bit Build 17134 (10.0.17134.556)

CPU:total 4 (initial active 4) (2 cores per cpu, 2 threads per core) family 6 model 69 stepping 1, cmov, cx8, fxsr, mmx, sse, sse2, sse3, ssse3, sse4.1, sse4.2, popcnt, avx, avx2, aes, clmul, erms, lzcnt, ht, tsc, tscinvbit, bmi1, bmi2, fma

Memory: 4k page, system-wide physical 6056M (1110M free)
TotalPageFile size 18612M (AvailPageFile size 5M)
current process WorkingSet (physical memory assigned to process): 9M, peak: 9M
current process commit charge ("private bytes"): 12M, peak: 13M

vm_info: Java HotSpot(TM) 64-Bit Server VM (11.0.2+9-LTS) for windows-amd64 JRE (11.0.2+9-LTS), built on Jan 18 2019 05:24:10 by "mach5one" with MS VC++ 15.5 (VS2017)

END.
